  Ability.cpp
E:\Unity\Projects\Git\arcanoid_dragon_lake\ARCANOID_DRAGONS_LAKE\Vector2.h(1,13): warning C4081: expected 'newline'; found ';'
E:\Unity\Projects\Git\arcanoid_dragon_lake\ARCANOID_DRAGONS_LAKE\Vector2.h(57,2): warning C4091: 'static ': ignored on left of 'Vector2' when no variable is declared
E:\Unity\Projects\Git\arcanoid_dragon_lake\ARCANOID_DRAGONS_LAKE\Vector2.h(23,69): warning C4244: 'argument': conversion from 'float' to 'int', possible loss of data
E:\Unity\Projects\Git\arcanoid_dragon_lake\ARCANOID_DRAGONS_LAKE\Vector2.h(23,58): warning C4244: 'argument': conversion from 'float' to 'int', possible loss of data
E:\Unity\Projects\Git\arcanoid_dragon_lake\ARCANOID_DRAGONS_LAKE\Vector2.h(24,69): warning C4244: 'argument': conversion from 'float' to 'int', possible loss of data
E:\Unity\Projects\Git\arcanoid_dragon_lake\ARCANOID_DRAGONS_LAKE\Vector2.h(24,58): warning C4244: 'argument': conversion from 'float' to 'int', possible loss of data
E:\Unity\Projects\Git\arcanoid_dragon_lake\ARCANOID_DRAGONS_LAKE\Vector2.h(44,8): warning C4244: '*=': conversion from 'float' to 'int', possible loss of data
E:\Unity\Projects\Git\arcanoid_dragon_lake\ARCANOID_DRAGONS_LAKE\Vector2.h(45,8): warning C4244: '*=': conversion from 'float' to 'int', possible loss of data
E:\Unity\Projects\Git\arcanoid_dragon_lake\ARCANOID_DRAGONS_LAKE\Vector2.h(52,8): warning C4244: '/=': conversion from 'float' to 'int', possible loss of data
E:\Unity\Projects\Git\arcanoid_dragon_lake\ARCANOID_DRAGONS_LAKE\Vector2.h(53,8): warning C4244: '/=': conversion from 'float' to 'int', possible loss of data
E:\Unity\Projects\Git\arcanoid_dragon_lake\ARCANOID_DRAGONS_LAKE\Vector2.h(129,2): warning C4091: 'static ': ignored on left of 'Vector2Float' when no variable is declared
E:\Unity\Projects\Git\arcanoid_dragon_lake\ARCANOID_DRAGONS_LAKE\Vector2.h(63,13): warning C4244: '=': conversion from 'int' to 'float', possible loss of data
E:\Unity\Projects\Git\arcanoid_dragon_lake\ARCANOID_DRAGONS_LAKE\Vector2.h(64,13): warning C4244: '=': conversion from 'int' to 'float', possible loss of data
E:\Unity\Projects\Git\arcanoid_dragon_lake\ARCANOID_DRAGONS_LAKE\Object.h(50,48): warning C4244: 'argument': conversion from 'float' to 'int', possible loss of data
E:\Unity\Projects\Git\arcanoid_dragon_lake\ARCANOID_DRAGONS_LAKE\Object.h(50,32): warning C4244: 'argument': conversion from 'float' to 'int', possible loss of data
E:\Unity\Projects\Git\arcanoid_dragon_lake\ARCANOID_DRAGONS_LAKE\Object.h(66,66): warning C4244: 'argument': conversion from 'float' to 'int', possible loss of data
E:\Unity\Projects\Git\arcanoid_dragon_lake\ARCANOID_DRAGONS_LAKE\Object.h(66,53): warning C4244: 'argument': conversion from 'float' to 'int', possible loss of data
E:\Unity\Projects\Git\arcanoid_dragon_lake\ARCANOID_DRAGONS_LAKE\Timer.h(10,20): warning C4244: '=': conversion from 'double' to 'float', possible loss of data
E:\Unity\Projects\Git\arcanoid_dragon_lake\ARCANOID_DRAGONS_LAKE\Timer.h(20,49): warning C4244: '=': conversion from 'double' to 'float', possible loss of data
E:\Unity\Projects\Git\arcanoid_dragon_lake\ARCANOID_DRAGONS_LAKE\SizeBuff.h(44,24): warning C4244: '=': conversion from 'int' to 'float', possible loss of data
E:\Unity\Projects\Git\arcanoid_dragon_lake\ARCANOID_DRAGONS_LAKE\Ability.cpp(23,53): warning C4244: 'argument': conversion from 'int' to 'float', possible loss of data
E:\Unity\Projects\Git\arcanoid_dragon_lake\ARCANOID_DRAGONS_LAKE\Ability.cpp(23,33): warning C4244: 'argument': conversion from 'int' to 'float', possible loss of data
  Generating code
  Previous IPDB and IOBJ mismatch, fall back to full compilation.
  All 112 functions were compiled because no usable IPDB/IOBJ from previous compilation was found.
  Finished generating code
  ARCANOID_DRAGONS_LAKE.vcxproj -> E:\Unity\Projects\Git\arcanoid_dragon_lake\x64\Release\ARCANOID_DRAGONS_LAKE.exe
